0 info it worked if it ends with ok
1 verbose cli [ 'D:\\Program Files\\nodejs\\\\node.exe',
1 verbose cli   'D:\\Program Files\\nodejs\\node_modules\\npm\\bin\\npm-cli.js',
1 verbose cli   'install',
1 verbose cli   'ed5-shim',
1 verbose cli   '--save' ]
2 info using npm@2.11.3
3 info using node@v0.12.7
4 verbose install initial load of E:\personal\1.github\fepp\package.json
5 warn package.json fepp@0.1.0 No repository field.
6 verbose installManyTop reading scoped package data from E:\personal\1.github\fepp\node_modules\bcrypt-nodejs\package.json
7 verbose installManyTop reading scoped package data from E:\personal\1.github\fepp\node_modules\body-parser\package.json
8 verbose installManyTop reading scoped package data from E:\personal\1.github\fepp\node_modules\connect-flash\package.json
9 verbose installManyTop reading scoped package data from E:\personal\1.github\fepp\node_modules\cookie-parser\package.json
10 verbose installManyTop reading scoped package data from E:\personal\1.github\fepp\node_modules\csurf\package.json
11 verbose installManyTop reading scoped package data from E:\personal\1.github\fepp\node_modules\ejs\package.json
12 verbose installManyTop reading scoped package data from E:\personal\1.github\fepp\node_modules\express\package.json
13 verbose installManyTop reading scoped package data from E:\personal\1.github\fepp\node_modules\express-session\package.json
14 verbose installManyTop reading scoped package data from E:\personal\1.github\fepp\node_modules\mongoose\package.json
15 verbose installManyTop reading scoped package data from E:\personal\1.github\fepp\node_modules\mongoose-findorcreate\package.json
16 verbose installManyTop reading scoped package data from E:\personal\1.github\fepp\node_modules\morgan\package.json
17 verbose installManyTop reading scoped package data from E:\personal\1.github\fepp\node_modules\nodemailer\package.json
18 verbose installManyTop reading scoped package data from E:\personal\1.github\fepp\node_modules\passport\package.json
19 verbose installManyTop reading scoped package data from E:\personal\1.github\fepp\node_modules\passport-local\package.json
20 info package.json bcrypt-nodejs@0.0.3 No license field.
21 info package.json connect-flash@0.1.1 No license field.
22 info package.json passport@0.3.2 No README data
23 info package.json passport-local@1.0.0 No license field.
24 verbose readDependencies loading dependencies from E:\personal\1.github\fepp\package.json
25 silly cache add args [ 'ed5-shim', null ]
26 verbose cache add spec ed5-shim
27 silly cache add parsed spec { raw: 'ed5-shim',
27 silly cache add   scope: null,
27 silly cache add   name: 'ed5-shim',
27 silly cache add   rawSpec: '',
27 silly cache add   spec: '*',
27 silly cache add   type: 'range' }
28 silly addNamed ed5-shim@*
29 verbose addNamed "*" is a valid semver range for ed5-shim
30 silly addNameRange { name: 'ed5-shim', range: '*', hasData: false }
31 silly mapToRegistry name ed5-shim
32 silly mapToRegistry using default registry
33 silly mapToRegistry registry https://registry.npmjs.org/
34 silly mapToRegistry uri https://registry.npmjs.org/ed5-shim
35 verbose addNameRange registry:https://registry.npmjs.org/ed5-shim not in flight; fetching
36 verbose request uri https://registry.npmjs.org/ed5-shim
37 verbose request no auth needed
38 info attempt registry request try #1 at 14:47:07
39 verbose request id b4d84bd120f70be6
40 http request GET https://registry.npmjs.org/ed5-shim
41 http 404 https://registry.npmjs.org/ed5-shim
42 verbose headers { 'content-type': 'application/json',
42 verbose headers   'cache-control': 'max-age=0',
42 verbose headers   'content-length': '2',
42 verbose headers   'accept-ranges': 'bytes',
42 verbose headers   date: 'Mon, 25 Jan 2016 06:51:18 GMT',
42 verbose headers   via: '1.1 varnish',
42 verbose headers   age: '0',
42 verbose headers   connection: 'keep-alive',
42 verbose headers   'x-served-by': 'cache-lax1423-LAX',
42 verbose headers   'x-cache': 'MISS',
42 verbose headers   'x-cache-hits': '0',
42 verbose headers   'x-timer': 'S1453704678.214372,VS0,VE49' }
43 silly get cb [ 404,
43 silly get   { 'content-type': 'application/json',
43 silly get     'cache-control': 'max-age=0',
43 silly get     'content-length': '2',
43 silly get     'accept-ranges': 'bytes',
43 silly get     date: 'Mon, 25 Jan 2016 06:51:18 GMT',
43 silly get     via: '1.1 varnish',
43 silly get     age: '0',
43 silly get     connection: 'keep-alive',
43 silly get     'x-served-by': 'cache-lax1423-LAX',
43 silly get     'x-cache': 'MISS',
43 silly get     'x-cache-hits': '0',
43 silly get     'x-timer': 'S1453704678.214372,VS0,VE49' } ]
44 verbose stack Error: Registry returned 404 for GET on https://registry.npmjs.org/ed5-shim
44 verbose stack     at CachingRegistryClient.<anonymous> (D:\Program Files\nodejs\node_modules\npm\node_modules\npm-registry-client\lib\request.js:239:14)
44 verbose stack     at Request._callback (D:\Program Files\nodejs\node_modules\npm\node_modules\npm-registry-client\lib\request.js:170:14)
44 verbose stack     at Request.self.callback (D:\Program Files\nodejs\node_modules\npm\node_modules\request\request.js:354:22)
44 verbose stack     at Request.emit (events.js:110:17)
44 verbose stack     at Request.<anonymous> (D:\Program Files\nodejs\node_modules\npm\node_modules\request\request.js:1207:14)
44 verbose stack     at Request.emit (events.js:129:20)
44 verbose stack     at IncomingMessage.<anonymous> (D:\Program Files\nodejs\node_modules\npm\node_modules\request\request.js:1153:12)
44 verbose stack     at IncomingMessage.emit (events.js:129:20)
44 verbose stack     at _stream_readable.js:908:16
44 verbose stack     at process._tickCallback (node.js:355:11)
45 verbose statusCode 404
46 verbose pkgid ed5-shim
47 verbose cwd E:\personal\1.github\fepp
48 error Windows_NT 6.1.7601
49 error argv "D:\\Program Files\\nodejs\\\\node.exe" "D:\\Program Files\\nodejs\\node_modules\\npm\\bin\\npm-cli.js" "install" "ed5-shim" "--save"
50 error node v0.12.7
51 error npm  v2.11.3
52 error code E404
53 error 404 Registry returned 404 for GET on https://registry.npmjs.org/ed5-shim
53 error 404
53 error 404 'ed5-shim' is not in the npm registry.
53 error 404 You should bug the author to publish it (or use the name yourself!)
53 error 404 It was specified as a dependency of 'fepp'
53 error 404
53 error 404 Note that you can also install from a
53 error 404 tarball, folder, http url, or git url.
54 verbose exit [ 1, true ]
